==21499== Memcheck, a memory error detector
==21499== Copyright (C) 2002-2017, and GNU GPL'd, by Julian Seward et al.
==21499== Using Valgrind-3.13.0 and LibVEX; rerun with -h for copyright info
==21499== Command: /rhome/b/bkarovic1/workspace/TP/Z1/Z3/.runme
==21499== Parent PID: 21478
==21499== 
==21499== 
==21499== Process terminating with default action of signal 1 (SIGHUP)
==21499==    at 0x56EF081: read (read.c:27)
==21499==    by 0x566C147: _IO_file_underflow@@GLIBC_2.2.5 (fileops.c:531)
==21499==    by 0x566D3F1: _IO_default_uflow (genops.c:380)
==21499==    by 0x512B95C: __gnu_cxx::stdio_sync_filebuf<char, std::char_traits<char> >::underflow() (in /usr/lib/x86_64-linux-gnu/libstdc++.so.6.0.25)
==21499==    by 0x5139739: std::istream::sentry::sentry(std::istream&, bool) (in /usr/lib/x86_64-linux-gnu/libstdc++.so.6.0.25)
==21499==    by 0x513996D: std::istream::operator>>(int&) (in /usr/lib/x86_64-linux-gnu/libstdc++.so.6.0.25)
==21499==    by 0x109C3A: main (main.cpp:121)
==21499== 
==21499== HEAP SUMMARY:
==21499==     in use at exit: 0 bytes in 0 blocks
==21499==   total heap usage: 2 allocs, 2 frees, 73,728 bytes allocated
==21499== 
==21499== All heap blocks were freed -- no leaks are possible
==21499== 
==21499== For counts of detected and suppressed errors, rerun with: -v
==21499== ERROR SUMMARY: 0 errors from 0 contexts (suppressed: 0 from 0)
