==7102== Memcheck, a memory error detector
==7102== Copyright (C) 2002-2017, and GNU GPL'd, by Julian Seward et al.
==7102== Using Valgrind-3.13.0 and LibVEX; rerun with -h for copyright info
==7102== Command: /rhome/b/bkarovic1/workspace/TP/T1/Z2/.runme
==7102== Parent PID: 7079
==7102== 
==7102== 
==7102== HEAP SUMMARY:
==7102==     in use at exit: 122,880 bytes in 6 blocks
==7102==   total heap usage: 10 allocs, 4 frees, 195,755 bytes allocated
==7102== 
==7102== LEAK SUMMARY:
==7102==    definitely lost: 0 bytes in 0 blocks
==7102==    indirectly lost: 0 bytes in 0 blocks
==7102==      possibly lost: 0 bytes in 0 blocks
==7102==    still reachable: 122,880 bytes in 6 blocks
==7102==         suppressed: 0 bytes in 0 blocks
==7102== Reachable blocks (those to which a pointer was found) are not shown.
==7102== To see them, rerun with: --leak-check=full --show-leak-kinds=all
==7102== 
==7102== For counts of detected and suppressed errors, rerun with: -v
==7102== ERROR SUMMARY: 0 errors from 0 contexts (suppressed: 0 from 0)
