==16686== Memcheck, a memory error detector
==16686== Copyright (C) 2002-2017, and GNU GPL'd, by Julian Seward et al.
==16686== Using Valgrind-3.13.0 and LibVEX; rerun with -h for copyright info
==16686== Command: /rhome/b/bkarovic1/workspace/TP/T2/Z4/.runme
==16686== Parent PID: 16667
==16686== 
==16686== 
==16686== Process terminating with default action of signal 1 (SIGHUP)
==16686==    at 0x56EF081: read (read.c:27)
==16686==    by 0x566C147: _IO_file_underflow@@GLIBC_2.2.5 (fileops.c:531)
==16686==    by 0x566D3F1: _IO_default_uflow (genops.c:380)
==16686==    by 0x512B95C: __gnu_cxx::stdio_sync_filebuf<char, std::char_traits<char> >::underflow() (in /usr/lib/x86_64-linux-gnu/libstdc++.so.6.0.25)
==16686==    by 0x5139739: std::istream::sentry::sentry(std::istream&, bool) (in /usr/lib/x86_64-linux-gnu/libstdc++.so.6.0.25)
==16686==    by 0x513996D: std::istream::operator>>(int&) (in /usr/lib/x86_64-linux-gnu/libstdc++.so.6.0.25)
==16686==    by 0x108B57: main (main.cpp:10)
==16686== 
==16686== HEAP SUMMARY:
==16686==     in use at exit: 0 bytes in 0 blocks
==16686==   total heap usage: 2 allocs, 2 frees, 73,728 bytes allocated
==16686== 
==16686== All heap blocks were freed -- no leaks are possible
==16686== 
==16686== For counts of detected and suppressed errors, rerun with: -v
==16686== ERROR SUMMARY: 0 errors from 0 contexts (suppressed: 0 from 0)
