==8418== Memcheck, a memory error detector
==8418== Copyright (C) 2002-2017, and GNU GPL'd, by Julian Seward et al.
==8418== Using Valgrind-3.13.0 and LibVEX; rerun with -h for copyright info
==8418== Command: /rhome/b/bkarovic1/workspace/TP/ZSR5/Z1/.runme
==8418== Parent PID: 8410
==8418== 
==8418== 
==8418== HEAP SUMMARY:
==8418==     in use at exit: 32 bytes in 4 blocks
==8418==   total heap usage: 5 allocs, 1 frees, 72,736 bytes allocated
==8418== 
==8418== 8 bytes in 1 blocks are definitely lost in loss record 1 of 4
==8418==    at 0x4C3017F: operator new(unsigned long) (in /usr/lib/valgrind/vgpreload_memcheck-amd64-linux.so)
==8418==    by 0x108E06: main (main.cpp:22)
==8418== 
==8418== 8 bytes in 1 blocks are definitely lost in loss record 2 of 4
==8418==    at 0x4C3017F: operator new(unsigned long) (in /usr/lib/valgrind/vgpreload_memcheck-amd64-linux.so)
==8418==    by 0x108E1F: main (main.cpp:22)
==8418== 
==8418== 8 bytes in 1 blocks are definitely lost in loss record 3 of 4
==8418==    at 0x4C3017F: operator new(unsigned long) (in /usr/lib/valgrind/vgpreload_memcheck-amd64-linux.so)
==8418==    by 0x108E38: main (main.cpp:22)
==8418== 
==8418== 8 bytes in 1 blocks are definitely lost in loss record 4 of 4
==8418==    at 0x4C3017F: operator new(unsigned long) (in /usr/lib/valgrind/vgpreload_memcheck-amd64-linux.so)
==8418==    by 0x108F76: main (main.cpp:26)
==8418== 
==8418== LEAK SUMMARY:
==8418==    definitely lost: 32 bytes in 4 blocks
==8418==    indirectly lost: 0 bytes in 0 blocks
==8418==      possibly lost: 0 bytes in 0 blocks
==8418==    still reachable: 0 bytes in 0 blocks
==8418==         suppressed: 0 bytes in 0 blocks
==8418== 
==8418== For counts of detected and suppressed errors, rerun with: -v
==8418== ERROR SUMMARY: 4 errors from 4 contexts (suppressed: 0 from 0)
