==971== Memcheck, a memory error detector
==971== Copyright (C) 2002-2017, and GNU GPL'd, by Julian Seward et al.
==971== Using Valgrind-3.13.0 and LibVEX; rerun with -h for copyright info
==971== Command: /rhome/b/bkarovic1/workspace/TP/Z14/Z2/.runme
==971== Parent PID: 873
==971== 
==971== Invalid free() / delete / delete[] / realloc()
==971==    at 0x4C3173B: operator delete[](void*) (in /usr/lib/valgrind/vgpreload_memcheck-amd64-linux.so)
==971==    by 0x10AB4A: Skladiste::DealocirajMemoriju() (main.cpp:96)
==971==    by 0x10AAAD: Skladiste::~Skladiste() (main.cpp:90)
==971==    by 0x10A284: main (main.cpp:354)
==971==  Address 0x5d824e0 is 0 bytes inside a block of size 80 free'd
==971==    at 0x4C3173B: operator delete[](void*) (in /usr/lib/valgrind/vgpreload_memcheck-amd64-linux.so)
==971==    by 0x10AB4A: Skladiste::DealocirajMemoriju() (main.cpp:96)
==971==    by 0x10ACB8: Skladiste::operator=(Skladiste&&) (main.cpp:142)
==971==    by 0x10A233: main (main.cpp:367)
==971==  Block was alloc'd at
==971==    at 0x4C3089F: operator new[](unsigned long) (in /usr/lib/valgrind/vgpreload_memcheck-amd64-linux.so)
==971==    by 0x10ABAF: Skladiste::Skladiste(Skladiste const&) (main.cpp:102)
==971==    by 0x10A1E1: main (main.cpp:364)
==971== 
==971== 
==971== HEAP SUMMARY:
==971==     in use at exit: 0 bytes in 0 blocks
==971==   total heap usage: 22 allocs, 23 frees, 82,240 bytes allocated
==971== 
==971== All heap blocks were freed -- no leaks are possible
==971== 
==971== For counts of detected and suppressed errors, rerun with: -v
==971== ERROR SUMMARY: 1 errors from 1 contexts (suppressed: 0 from 0)
