==24437== Memcheck, a memory error detector
==24437== Copyright (C) 2002-2017, and GNU GPL'd, by Julian Seward et al.
==24437== Using Valgrind-3.13.0 and LibVEX; rerun with -h for copyright info
==24437== Command: /rhome/b/bkarovic1/workspace/TP2018/T2/Z1/.runme
==24437== Parent PID: 24430
==24437== 
==24437== 
==24437== HEAP SUMMARY:
==24437==     in use at exit: 122,880 bytes in 6 blocks
==24437==   total heap usage: 10 allocs, 4 frees, 195,612 bytes allocated
==24437== 
==24437== LEAK SUMMARY:
==24437==    definitely lost: 0 bytes in 0 blocks
==24437==    indirectly lost: 0 bytes in 0 blocks
==24437==      possibly lost: 0 bytes in 0 blocks
==24437==    still reachable: 122,880 bytes in 6 blocks
==24437==         suppressed: 0 bytes in 0 blocks
==24437== Reachable blocks (those to which a pointer was found) are not shown.
==24437== To see them, rerun with: --leak-check=full --show-leak-kinds=all
==24437== 
==24437== For counts of detected and suppressed errors, rerun with: -v
==24437== ERROR SUMMARY: 0 errors from 0 contexts (suppressed: 0 from 0)
