==29103== Memcheck, a memory error detector
==29103== Copyright (C) 2002-2017, and GNU GPL'd, by Julian Seward et al.
==29103== Using Valgrind-3.13.0 and LibVEX; rerun with -h for copyright info
==29103== Command: /rhome/b/bkarovic1/workspace/TP/Z2/Z2/.runme
==29103== Parent PID: 29096
==29103== 
==29103== Conditional jump or move depends on uninitialised value(s)
==29103==    at 0x10958E: RastavaBroja(int, int&, int&) (main.cpp:41)
==29103==    by 0x109998: main (main.cpp:86)
==29103== 
==29103== 
==29103== Process terminating with default action of signal 1 (SIGHUP)
==29103==    at 0x1091B0: ??? (in /rhome/b/bkarovic1/workspace/TP/Z2/Z2/.runme)
==29103==    by 0x109C2C: __gnu_cxx::__enable_if<std::__is_integer<int>::__value, double>::__type std::sqrt<int>(int) (cmath:476)
==29103==    by 0x109432: DaLiJeProst(int) (main.cpp:15)
==29103==    by 0x1094FC: ProstiBrojeviUOpsegu(int, int) (main.cpp:31)
==29103==    by 0x1095F1: RastavaBroja(int, int&, int&) (main.cpp:46)
==29103==    by 0x109998: main (main.cpp:86)
==29103== 
==29103== HEAP SUMMARY:
==29103==     in use at exit: 1,024 bytes in 1 blocks
==29103==   total heap usage: 11 allocs, 10 frees, 75,772 bytes allocated
==29103== 
==29103== LEAK SUMMARY:
==29103==    definitely lost: 0 bytes in 0 blocks
==29103==    indirectly lost: 0 bytes in 0 blocks
==29103==      possibly lost: 0 bytes in 0 blocks
==29103==    still reachable: 1,024 bytes in 1 blocks
==29103==         suppressed: 0 bytes in 0 blocks
==29103== Reachable blocks (those to which a pointer was found) are not shown.
==29103== To see them, rerun with: --leak-check=full --show-leak-kinds=all
==29103== 
==29103== For counts of detected and suppressed errors, rerun with: -v
==29103== Use --track-origins=yes to see where uninitialised values come from
==29103== ERROR SUMMARY: 1 errors from 1 contexts (suppressed: 0 from 0)
