==12386== Memcheck, a memory error detector
==12386== Copyright (C) 2002-2017, and GNU GPL'd, by Julian Seward et al.
==12386== Using Valgrind-3.13.0 and LibVEX; rerun with -h for copyright info
==12386== Command: /rhome/b/bkarovic1/workspace/TP/T6/Z2/.runme
==12386== Parent PID: 12354
==12386== 
==12386== 
==12386== Process terminating with default action of signal 1 (SIGHUP)
==12386==    at 0x56EF081: read (read.c:27)
==12386==    by 0x566C147: _IO_file_underflow@@GLIBC_2.2.5 (fileops.c:531)
==12386==    by 0x566D3F1: _IO_default_uflow (genops.c:380)
==12386==    by 0x512B95C: __gnu_cxx::stdio_sync_filebuf<char, std::char_traits<char> >::underflow() (in /usr/lib/x86_64-linux-gnu/libstdc++.so.6.0.25)
==12386==    by 0x5139739: std::istream::sentry::sentry(std::istream&, bool) (in /usr/lib/x86_64-linux-gnu/libstdc++.so.6.0.25)
==12386==    by 0x513996D: std::istream::operator>>(int&) (in /usr/lib/x86_64-linux-gnu/libstdc++.so.6.0.25)
==12386==    by 0x108F87: main (main.cpp:47)
==12386== 
==12386== HEAP SUMMARY:
==12386==     in use at exit: 0 bytes in 0 blocks
==12386==   total heap usage: 2 allocs, 2 frees, 73,728 bytes allocated
==12386== 
==12386== All heap blocks were freed -- no leaks are possible
==12386== 
==12386== For counts of detected and suppressed errors, rerun with: -v
==12386== ERROR SUMMARY: 0 errors from 0 contexts (suppressed: 0 from 0)
