==23422== Memcheck, a memory error detector
==23422== Copyright (C) 2002-2017, and GNU GPL'd, by Julian Seward et al.
==23422== Using Valgrind-3.13.0 and LibVEX; rerun with -h for copyright info
==23422== Command: /rhome/b/bkarovic1/workspace/TP/Z4/Z2/.runme
==23422== Parent PID: 23414
==23422== 
==23422== 
==23422== HEAP SUMMARY:
==23422==     in use at exit: 72 bytes in 1 blocks
==23422==   total heap usage: 3 allocs, 2 frees, 73,800 bytes allocated
==23422== 
==23422== LEAK SUMMARY:
==23422==    definitely lost: 0 bytes in 0 blocks
==23422==    indirectly lost: 0 bytes in 0 blocks
==23422==      possibly lost: 0 bytes in 0 blocks
==23422==    still reachable: 72 bytes in 1 blocks
==23422==         suppressed: 0 bytes in 0 blocks
==23422== Reachable blocks (those to which a pointer was found) are not shown.
==23422== To see them, rerun with: --leak-check=full --show-leak-kinds=all
==23422== 
==23422== For counts of detected and suppressed errors, rerun with: -v
==23422== ERROR SUMMARY: 0 errors from 0 contexts (suppressed: 0 from 0)
