==18713== Memcheck, a memory error detector
==18713== Copyright (C) 2002-2017, and GNU GPL'd, by Julian Seward et al.
==18713== Using Valgrind-3.13.0 and LibVEX; rerun with -h for copyright info
==18713== Command: /rhome/b/bkarovic1/workspace/TP/T2/Z3/.runme
==18713== Parent PID: 18691
==18713== 
==18713== Conditional jump or move depends on uninitialised value(s)
==18713==    at 0x53CBAD0: __divdc3 (in /lib/x86_64-linux-gnu/libgcc_s.so.1)
==18713==    by 0x108F99: std::complex<double>& std::complex<double>::operator/=<double>(std::complex<double> const&) (complex:1339)
==18713==    by 0x108E76: std::complex<double> std::operator/<double>(double const&, std::complex<double> const&) (complex:437)
==18713==    by 0x108C34: main (main.cpp:24)
==18713== 
==18713== Conditional jump or move depends on uninitialised value(s)
==18713==    at 0x53CBB0E: __divdc3 (in /lib/x86_64-linux-gnu/libgcc_s.so.1)
==18713==    by 0x108F99: std::complex<double>& std::complex<double>::operator/=<double>(std::complex<double> const&) (complex:1339)
==18713==    by 0x108E76: std::complex<double> std::operator/<double>(double const&, std::complex<double> const&) (complex:437)
==18713==    by 0x108C34: main (main.cpp:24)
==18713== 
==18713== Conditional jump or move depends on uninitialised value(s)
==18713==    at 0x53CBB16: __divdc3 (in /lib/x86_64-linux-gnu/libgcc_s.so.1)
==18713==    by 0x108F99: std::complex<double>& std::complex<double>::operator/=<double>(std::complex<double> const&) (complex:1339)
==18713==    by 0x108E76: std::complex<double> std::operator/<double>(double const&, std::complex<double> const&) (complex:437)
==18713==    by 0x108C34: main (main.cpp:24)
==18713== 
==18713== Conditional jump or move depends on uninitialised value(s)
==18713==    at 0x53CBB5B: __divdc3 (in /lib/x86_64-linux-gnu/libgcc_s.so.1)
==18713==    by 0x108F99: std::complex<double>& std::complex<double>::operator/=<double>(std::complex<double> const&) (complex:1339)
==18713==    by 0x108E76: std::complex<double> std::operator/<double>(double const&, std::complex<double> const&) (complex:437)
==18713==    by 0x108C34: main (main.cpp:24)
==18713== 
==18713== 
==18713== HEAP SUMMARY:
==18713==     in use at exit: 0 bytes in 0 blocks
==18713==   total heap usage: 3 allocs, 3 frees, 73,785 bytes allocated
==18713== 
==18713== All heap blocks were freed -- no leaks are possible
==18713== 
==18713== For counts of detected and suppressed errors, rerun with: -v
==18713== Use --track-origins=yes to see where uninitialised values come from
==18713== ERROR SUMMARY: 40 errors from 4 contexts (suppressed: 0 from 0)
