==2365== Memcheck, a memory error detector
==2365== Copyright (C) 2002-2017, and GNU GPL'd, by Julian Seward et al.
==2365== Using Valgrind-3.13.0 and LibVEX; rerun with -h for copyright info
==2365== Command: /rhome/b/bkarovic1/workspace/TP/T5/Z4/.runme
==2365== Parent PID: 2311
==2365== 
==2365== 
==2365== Process terminating with default action of signal 1 (SIGHUP)
==2365==    at 0x5A8D081: read (read.c:27)
==2365==    by 0x5A0A147: _IO_file_underflow@@GLIBC_2.2.5 (fileops.c:531)
==2365==    by 0x5A0B3F1: _IO_default_uflow (genops.c:380)
==2365==    by 0x512B95C: __gnu_cxx::stdio_sync_filebuf<char, std::char_traits<char> >::underflow() (in /usr/lib/x86_64-linux-gnu/libstdc++.so.6.0.25)
==2365==    by 0x5139739: std::istream::sentry::sentry(std::istream&, bool) (in /usr/lib/x86_64-linux-gnu/libstdc++.so.6.0.25)
==2365==    by 0x513996D: std::istream::operator>>(int&) (in /usr/lib/x86_64-linux-gnu/libstdc++.so.6.0.25)
==2365==    by 0x10914F: main (main.cpp:49)
==2365== 
==2365== HEAP SUMMARY:
==2365==     in use at exit: 576 bytes in 2 blocks
==2365==   total heap usage: 4 allocs, 2 frees, 74,304 bytes allocated
==2365== 
==2365== LEAK SUMMARY:
==2365==    definitely lost: 0 bytes in 0 blocks
==2365==    indirectly lost: 0 bytes in 0 blocks
==2365==      possibly lost: 0 bytes in 0 blocks
==2365==    still reachable: 576 bytes in 2 blocks
==2365==         suppressed: 0 bytes in 0 blocks
==2365== Reachable blocks (those to which a pointer was found) are not shown.
==2365== To see them, rerun with: --leak-check=full --show-leak-kinds=all
==2365== 
==2365== For counts of detected and suppressed errors, rerun with: -v
==2365== ERROR SUMMARY: 0 errors from 0 contexts (suppressed: 0 from 0)
