==12967== Memcheck, a memory error detector
==12967== Copyright (C) 2002-2017, and GNU GPL'd, by Julian Seward et al.
==12967== Using Valgrind-3.13.0 and LibVEX; rerun with -h for copyright info
==12967== Command: /rhome/b/bkarovic1/workspace/TP/Z3/Z2/.runme
==12967== Parent PID: 12960
==12967== 
==12967== 
==12967== Process terminating with default action of signal 1 (SIGHUP)
==12967==    at 0x56EF081: read (read.c:27)
==12967==    by 0x566C147: _IO_file_underflow@@GLIBC_2.2.5 (fileops.c:531)
==12967==    by 0x566D3F1: _IO_default_uflow (genops.c:380)
==12967==    by 0x512B95C: __gnu_cxx::stdio_sync_filebuf<char, std::char_traits<char> >::underflow() (in /usr/lib/x86_64-linux-gnu/libstdc++.so.6.0.25)
==12967==    by 0x50E9F48: std::basic_istream<char, std::char_traits<char> >& std::getline<char, std::char_traits<char>, std::allocator<char> >(std::basic_istream<char, std::char_traits<char> >&, std::__cxx11::basic_string<char, std::char_traits<char>, std::allocator<char> >&, char) (in /usr/lib/x86_64-linux-gnu/libstdc++.so.6.0.25)
==12967==    by 0x10A152: main (main.cpp:101)
==12967== 
==12967== HEAP SUMMARY:
==12967==     in use at exit: 304 bytes in 4 blocks
==12967==   total heap usage: 20 allocs, 16 frees, 75,024 bytes allocated
==12967== 
==12967== LEAK SUMMARY:
==12967==    definitely lost: 0 bytes in 0 blocks
==12967==    indirectly lost: 0 bytes in 0 blocks
==12967==      possibly lost: 0 bytes in 0 blocks
==12967==    still reachable: 304 bytes in 4 blocks
==12967==         suppressed: 0 bytes in 0 blocks
==12967== Reachable blocks (those to which a pointer was found) are not shown.
==12967== To see them, rerun with: --leak-check=full --show-leak-kinds=all
==12967== 
==12967== For counts of detected and suppressed errors, rerun with: -v
==12967== ERROR SUMMARY: 0 errors from 0 contexts (suppressed: 0 from 0)
