==27930== Memcheck, a memory error detector
==27930== Copyright (C) 2002-2017, and GNU GPL'd, by Julian Seward et al.
==27930== Using Valgrind-3.13.0 and LibVEX; rerun with -h for copyright info
==27930== Command: /rhome/b/bkarovic1/workspace/TP/T4/Z3/.runme
==27930== Parent PID: 27923
==27930== 
==27930== 
==27930== Process terminating with default action of signal 1 (SIGHUP)
==27930==    at 0x56EF152: write (write.c:27)
==27930==    by 0x566A1BC: _IO_file_write@@GLIBC_2.2.5 (fileops.c:1203)
==27930==    by 0x566AB2E: new_do_write (fileops.c:457)
==27930==    by 0x566AB2E: _IO_file_xsputn@@GLIBC_2.2.5 (fileops.c:1277)
==27930==    by 0x565E976: fwrite (iofwrite.c:39)
==27930==    by 0x5151E93: std::basic_ostream<char, std::char_traits<char> >& std::__ostream_insert<char, std::char_traits<char> >(std::basic_ostream<char, std::char_traits<char> >&, char const*, long) (in /usr/lib/x86_64-linux-gnu/libstdc++.so.6.0.25)
==27930==    by 0x5152206: std::basic_ostream<char, std::char_traits<char> >& std::operator<< <std::char_traits<char> >(std::basic_ostream<char, std::char_traits<char> >&, char const*) (in /usr/lib/x86_64-linux-gnu/libstdc++.so.6.0.25)
==27930==    by 0x10A0B0: main (main.cpp:68)
==27930== 
==27930== HEAP SUMMARY:
==27930==     in use at exit: 0 bytes in 0 blocks
==27930==   total heap usage: 2 allocs, 2 frees, 73,728 bytes allocated
==27930== 
==27930== All heap blocks were freed -- no leaks are possible
==27930== 
==27930== For counts of detected and suppressed errors, rerun with: -v
==27930== ERROR SUMMARY: 0 errors from 0 contexts (suppressed: 0 from 0)
