==3665== Memcheck, a memory error detector
==3665== Copyright (C) 2002-2017, and GNU GPL'd, by Julian Seward et al.
==3665== Using Valgrind-3.13.0 and LibVEX; rerun with -h for copyright info
==3665== Command: /rhome/b/bkarovic1/workspace/TP/T5/Z3/.runme
==3665== Parent PID: 3644
==3665== 
==3665== Conditional jump or move depends on uninitialised value(s)
==3665==    at 0x108DDE: main (main.cpp:60)
==3665== 
==3665== Conditional jump or move depends on uninitialised value(s)
==3665==    at 0x108DEB: main (main.cpp:60)
==3665== 
==3665== 
==3665== Process terminating with default action of signal 1 (SIGHUP)
==3665==    at 0x5875152: write (write.c:27)
==3665==    by 0x57F01BC: _IO_file_write@@GLIBC_2.2.5 (fileops.c:1203)
==3665==    by 0x57F0B2E: new_do_write (fileops.c:457)
==3665==    by 0x57F0B2E: _IO_file_xsputn@@GLIBC_2.2.5 (fileops.c:1277)
==3665==    by 0x57E4976: fwrite (iofwrite.c:39)
==3665==    by 0x5151E93: std::basic_ostream<char, std::char_traits<char> >& std::__ostream_insert<char, std::char_traits<char> >(std::basic_ostream<char, std::char_traits<char> >&, char const*, long) (in /usr/lib/x86_64-linux-gnu/libstdc++.so.6.0.25)
==3665==    by 0x5152206: std::basic_ostream<char, std::char_traits<char> >& std::operator<< <std::char_traits<char> >(std::basic_ostream<char, std::char_traits<char> >&, char const*) (in /usr/lib/x86_64-linux-gnu/libstdc++.so.6.0.25)
==3665==    by 0x108E31: main (main.cpp:64)
==3665== 
==3665== HEAP SUMMARY:
==3665==     in use at exit: 0 bytes in 0 blocks
==3665==   total heap usage: 2 allocs, 2 frees, 73,728 bytes allocated
==3665== 
==3665== All heap blocks were freed -- no leaks are possible
==3665== 
==3665== For counts of detected and suppressed errors, rerun with: -v
==3665== Use --track-origins=yes to see where uninitialised values come from
==3665== ERROR SUMMARY: 2 errors from 2 contexts (suppressed: 0 from 0)
