[New LWP 26225]
Core was generated by `'.
Program terminated with signal SIGFPE, Arithmetic exception.
#0  0x000000000010924b in ?? ()
#0  0x000000000010924b in ?? ()
#1  0x0000001fff000710 in ?? ()
#2  0x0000000000109271 in ?? ()
#3  0x00000000001091b5 in ?? ()
#4  0x0000001fff000730 in ?? ()
#5  0x000000000010b0d1 in ?? ()
#6  0x0000001fff000900 in ?? ()
#7  0x0000001fff000748 in ?? ()
#8  0x0000001fff000770 in ?? ()
#9  0x000000000010a9a4 in ?? ()
#10 0x0000001fff000770 in ?? ()
#11 0x0000000000109257 in ?? ()
#12 0x0000001fff000928 in ?? ()
#13 0x0000001fff000900 in ?? ()
#14 0x0000000000109257 in ?? ()
#15 0x0000000000000000 in ?? ()
