==22103== Memcheck, a memory error detector
==22103== Copyright (C) 2002-2017, and GNU GPL'd, by Julian Seward et al.
==22103== Using Valgrind-3.13.0 and LibVEX; rerun with -h for copyright info
==22103== Command: /rhome/b/bkarovic1/workspace/TP/T1/Z1/.runme
==22103== Parent PID: 22051
==22103== 
==22103== 
==22103== Process terminating with default action of signal 1 (SIGHUP)
==22103==    at 0x54D7081: read (read.c:27)
==22103==    by 0x50F1E06: std::__basic_file<char>::xsgetn(char*, long) (in /usr/lib/x86_64-linux-gnu/libstdc++.so.6.0.25)
==22103==    by 0x512CB9F: std::basic_filebuf<char, std::char_traits<char> >::underflow() (in /usr/lib/x86_64-linux-gnu/libstdc++.so.6.0.25)
==22103==    by 0x5139739: std::istream::sentry::sentry(std::istream&, bool) (in /usr/lib/x86_64-linux-gnu/libstdc++.so.6.0.25)
==22103==    by 0x513996D: std::istream::operator>>(int&) (in /usr/lib/x86_64-linux-gnu/libstdc++.so.6.0.25)
==22103==    by 0x108AB0: main (main.cpp:10)
==22103== 
==22103== HEAP SUMMARY:
==22103==     in use at exit: 122,880 bytes in 6 blocks
==22103==   total heap usage: 7 allocs, 1 frees, 195,584 bytes allocated
==22103== 
==22103== LEAK SUMMARY:
==22103==    definitely lost: 0 bytes in 0 blocks
==22103==    indirectly lost: 0 bytes in 0 blocks
==22103==      possibly lost: 0 bytes in 0 blocks
==22103==    still reachable: 122,880 bytes in 6 blocks
==22103==         suppressed: 0 bytes in 0 blocks
==22103== Reachable blocks (those to which a pointer was found) are not shown.
==22103== To see them, rerun with: --leak-check=full --show-leak-kinds=all
==22103== 
==22103== For counts of detected and suppressed errors, rerun with: -v
==22103== ERROR SUMMARY: 0 errors from 0 contexts (suppressed: 0 from 0)
