==24910== Memcheck, a memory error detector
==24910== Copyright (C) 2002-2017, and GNU GPL'd, by Julian Seward et al.
==24910== Using Valgrind-3.13.0 and LibVEX; rerun with -h for copyright info
==24910== Command: /rhome/b/bkarovic1/workspace/TP/T4/Z1/.runme
==24910== Parent PID: 24889
==24910== 
==24910== 
==24910== Process terminating with default action of signal 1 (SIGHUP)
==24910==    at 0x54D7152: write (write.c:27)
==24910==    by 0x54521BC: _IO_file_write@@GLIBC_2.2.5 (fileops.c:1203)
==24910==    by 0x5452B2E: new_do_write (fileops.c:457)
==24910==    by 0x5452B2E: _IO_file_xsputn@@GLIBC_2.2.5 (fileops.c:1277)
==24910==    by 0x5446976: fwrite (iofwrite.c:39)
==24910==    by 0x5151E93: std::basic_ostream<char, std::char_traits<char> >& std::__ostream_insert<char, std::char_traits<char> >(std::basic_ostream<char, std::char_traits<char> >&, char const*, long) (in /usr/lib/x86_64-linux-gnu/libstdc++.so.6.0.25)
==24910==    by 0x5152206: std::basic_ostream<char, std::char_traits<char> >& std::operator<< <std::char_traits<char> >(std::basic_ostream<char, std::char_traits<char> >&, char const*) (in /usr/lib/x86_64-linux-gnu/libstdc++.so.6.0.25)
==24910==    by 0x108C52: main (main.cpp:34)
==24910== 
==24910== HEAP SUMMARY:
==24910==     in use at exit: 0 bytes in 0 blocks
==24910==   total heap usage: 2 allocs, 2 frees, 73,728 bytes allocated
==24910== 
==24910== All heap blocks were freed -- no leaks are possible
==24910== 
==24910== For counts of detected and suppressed errors, rerun with: -v
==24910== ERROR SUMMARY: 0 errors from 0 contexts (suppressed: 0 from 0)
