==6685== Memcheck, a memory error detector
==6685== Copyright (C) 2002-2017, and GNU GPL'd, by Julian Seward et al.
==6685== Using Valgrind-3.13.0 and LibVEX; rerun with -h for copyright info
==6685== Command: /rhome/b/bkarovic1/workspace/TP/T3/Z5/.runme
==6685== Parent PID: 6665
==6685== 
==6685== 
==6685== Process terminating with default action of signal 15 (SIGTERM)
==6685==    at 0x56EF081: read (read.c:27)
==6685==    by 0x566C147: _IO_file_underflow@@GLIBC_2.2.5 (fileops.c:531)
==6685==    by 0x566D3F1: _IO_default_uflow (genops.c:380)
==6685==    by 0x512B95C: __gnu_cxx::stdio_sync_filebuf<char, std::char_traits<char> >::underflow() (in /usr/lib/x86_64-linux-gnu/libstdc++.so.6.0.25)
==6685==    by 0x5139739: std::istream::sentry::sentry(std::istream&, bool) (in /usr/lib/x86_64-linux-gnu/libstdc++.so.6.0.25)
==6685==    by 0x513996D: std::istream::operator>>(int&) (in /usr/lib/x86_64-linux-gnu/libstdc++.so.6.0.25)
==6685==    by 0x109007: main (main.cpp:44)
==6685== 
==6685== HEAP SUMMARY:
==6685==     in use at exit: 0 bytes in 0 blocks
==6685==   total heap usage: 2 allocs, 2 frees, 73,728 bytes allocated
==6685== 
==6685== All heap blocks were freed -- no leaks are possible
==6685== 
==6685== For counts of detected and suppressed errors, rerun with: -v
==6685== ERROR SUMMARY: 0 errors from 0 contexts (suppressed: 0 from 0)
