==27190== Memcheck, a memory error detector
==27190== Copyright (C) 2002-2017, and GNU GPL'd, by Julian Seward et al.
==27190== Using Valgrind-3.13.0 and LibVEX; rerun with -h for copyright info
==27190== Command: /rhome/b/bkarovic1/workspace/TP/Z5/Z5/.runme
==27190== Parent PID: 27156
==27190== 
==27190== Conditional jump or move depends on uninitialised value(s)
==27190==    at 0x10AD0C: Matrica<double>::AlocirajMemoriju(int, int) (main.cpp:401)
==27190==    by 0x10A0B2: Matrica<double>::Matrica(int, int, char) (main.cpp:421)
==27190==    by 0x109BF2: main (main.cpp:598)
==27190== 
==27190== Conditional jump or move depends on uninitialised value(s)
==27190==    at 0x4C3084C: operator new[](unsigned long) (in /usr/lib/valgrind/vgpreload_memcheck-amd64-linux.so)
==27190==    by 0x10AD1D: Matrica<double>::AlocirajMemoriju(int, int) (main.cpp:401)
==27190==    by 0x10A0B2: Matrica<double>::Matrica(int, int, char) (main.cpp:421)
==27190==    by 0x109BF2: main (main.cpp:598)
==27190== 
==27190== Conditional jump or move depends on uninitialised value(s)
==27190==    at 0x10AD32: Matrica<double>::AlocirajMemoriju(int, int) (main.cpp:401)
==27190==    by 0x10A0B2: Matrica<double>::Matrica(int, int, char) (main.cpp:421)
==27190==    by 0x109BF2: main (main.cpp:598)
==27190== 
==27190== 
==27190== Process terminating with default action of signal 1 (SIGHUP)
==27190==    at 0x10AD34: Matrica<double>::AlocirajMemoriju(int, int) (main.cpp:401)
==27190==    by 0x10A0B2: Matrica<double>::Matrica(int, int, char) (main.cpp:421)
==27190==    by 0x109BF2: main (main.cpp:598)
==27190== 
==27190== HEAP SUMMARY:
==27190==     in use at exit: 8,715,440 bytes in 1 blocks
==27190==   total heap usage: 3 allocs, 2 frees, 8,789,168 bytes allocated
==27190== 
==27190== 8,715,440 bytes in 1 blocks are possibly lost in loss record 1 of 1
==27190==    at 0x4C3089F: operator new[](unsigned long) (in /usr/lib/valgrind/vgpreload_memcheck-amd64-linux.so)
==27190==    by 0x10AD1D: Matrica<double>::AlocirajMemoriju(int, int) (main.cpp:401)
==27190==    by 0x10A0B2: Matrica<double>::Matrica(int, int, char) (main.cpp:421)
==27190==    by 0x109BF2: main (main.cpp:598)
==27190== 
==27190== LEAK SUMMARY:
==27190==    definitely lost: 0 bytes in 0 blocks
==27190==    indirectly lost: 0 bytes in 0 blocks
==27190==      possibly lost: 8,715,440 bytes in 1 blocks
==27190==    still reachable: 0 bytes in 0 blocks
==27190==         suppressed: 0 bytes in 0 blocks
==27190== 
==27190== For counts of detected and suppressed errors, rerun with: -v
==27190== Use --track-origins=yes to see where uninitialised values come from
==27190== ERROR SUMMARY: 247872 errors from 4 contexts (suppressed: 0 from 0)
