==19333== Memcheck, a memory error detector
==19333== Copyright (C) 2002-2017, and GNU GPL'd, by Julian Seward et al.
==19333== Using Valgrind-3.13.0 and LibVEX; rerun with -h for copyright info
==19333== Command: /rhome/b/bkarovic1/workspace/TP/T3/Z3/.runme
==19333== Parent PID: 19316
==19333== 
==19333== Conditional jump or move depends on uninitialised value(s)
==19333==    at 0x108FD0: main (main.cpp:43)
==19333== 
==19333== 
==19333== Process terminating with default action of signal 1 (SIGHUP)
==19333==    at 0x56EF152: write (write.c:27)
==19333==    by 0x566A1BC: _IO_file_write@@GLIBC_2.2.5 (fileops.c:1203)
==19333==    by 0x566AB2E: new_do_write (fileops.c:457)
==19333==    by 0x566AB2E: _IO_file_xsputn@@GLIBC_2.2.5 (fileops.c:1277)
==19333==    by 0x565E976: fwrite (iofwrite.c:39)
==19333==    by 0x5151E93: std::basic_ostream<char, std::char_traits<char> >& std::__ostream_insert<char, std::char_traits<char> >(std::basic_ostream<char, std::char_traits<char> >&, char const*, long) (in /usr/lib/x86_64-linux-gnu/libstdc++.so.6.0.25)
==19333==    by 0x5152206: std::basic_ostream<char, std::char_traits<char> >& std::operator<< <std::char_traits<char> >(std::basic_ostream<char, std::char_traits<char> >&, char const*) (in /usr/lib/x86_64-linux-gnu/libstdc++.so.6.0.25)
==19333==    by 0x108FE4: main (main.cpp:44)
==19333== 
==19333== HEAP SUMMARY:
==19333==     in use at exit: 0 bytes in 0 blocks
==19333==   total heap usage: 2 allocs, 2 frees, 73,728 bytes allocated
==19333== 
==19333== All heap blocks were freed -- no leaks are possible
==19333== 
==19333== For counts of detected and suppressed errors, rerun with: -v
==19333== Use --track-origins=yes to see where uninitialised values come from
==19333== ERROR SUMMARY: 1 errors from 1 contexts (suppressed: 0 from 0)
