==32372== Memcheck, a memory error detector
==32372== Copyright (C) 2002-2017, and GNU GPL'd, by Julian Seward et al.
==32372== Using Valgrind-3.13.0 and LibVEX; rerun with -h for copyright info
==32372== Command: /rhome/b/bkarovic1/workspace/TP/ZSR1/Z4/.runme
==32372== Parent PID: 32351
==32372== 
==32372== 
==32372== HEAP SUMMARY:
==32372==     in use at exit: 8 bytes in 1 blocks
==32372==   total heap usage: 3 allocs, 2 frees, 72,728 bytes allocated
==32372== 
==32372== 8 bytes in 1 blocks are definitely lost in loss record 1 of 1
==32372==    at 0x4C3017F: operator new(unsigned long) (in /usr/lib/valgrind/vgpreload_memcheck-amd64-linux.so)
==32372==    by 0x108F8E: decltype (&{parm#1}) F<char const*>(char const*) (main.cpp:45)
==32372==    by 0x108E1D: main (main.cpp:51)
==32372== 
==32372== LEAK SUMMARY:
==32372==    definitely lost: 8 bytes in 1 blocks
==32372==    indirectly lost: 0 bytes in 0 blocks
==32372==      possibly lost: 0 bytes in 0 blocks
==32372==    still reachable: 0 bytes in 0 blocks
==32372==         suppressed: 0 bytes in 0 blocks
==32372== 
==32372== For counts of detected and suppressed errors, rerun with: -v
==32372== ERROR SUMMARY: 1 errors from 1 contexts (suppressed: 0 from 0)
