[New LWP 28244]
Core was generated by `'.
Program terminated with signal SIGXCPU, CPU time limit exceeded.
#0  0x000000000010b50d in ?? ()
#0  0x000000000010b50d in ?? ()
#1  0x0000001fff0007a0 in ?? ()
#2  0x0000000005d7ff00 in ?? ()
#3  0x0000000007d2e520 in ?? ()
#4  0x0000001fff000840 in ?? ()
#5  0x0000001fff0007e0 in ?? ()
#6  0x000000000010a4e6 in ?? ()
#7  0x0000001fff0007d0 in ?? ()
#8  0x0000000005d7ff00 in ?? ()
#9  0x0000000007d2e520 in ?? ()
#10 0x0000001fff000840 in ?? ()
#11 0x0000001fff0007c8 in ?? ()
#12 0x0000001fff0007d0 in ?? ()
#13 0x0000000007d2e520 in ?? ()
#14 0x0000000000177c9c in ?? ()
#15 0x0000001fff0007e0 in ?? ()
#16 0x0000001fff000828 in ?? ()
#17 0x0000001fff0007e0 in ?? ()
#18 0xf6bc78aaa9d25b00 in ?? ()
#19 0x0000001fff000828 in ?? ()
#20 0x0000000005d7ff00 in ?? ()
#21 0x0000001fff000870 in ?? ()
#22 0x0000000000109bd1 in ?? ()
#23 0x0000000000000004 in ?? ()
#24 0x0000001fff0008e0 in ?? ()
#25 0x0000001fff0008a0 in ?? ()
#26 0x0000001fff0008c0 in ?? ()
#27 0x0000001fff000870 in ?? ()
#28 0xf6bc78aaa9d25b00 in ?? ()
#29 0x0000000005d7ff00 in ?? ()
#30 0x0000000007d2e520 in ?? ()
#31 0x0000000007d2e520 in ?? ()
#32 0x0000000000109adf in ?? ()
#33 0x0000000007170040 in ?? ()
#34 0x0000000007d2e520 in ?? ()
#35 0x0000000008170040 in ?? ()
#36 0xf6bc78aaa9d25b00 in ?? ()
#37 0x0000001fff000940 in ?? ()
#38 0x0000000000000004 in ?? ()
#39 0x0000001fff000940 in ?? ()
#40 0x00000000001090da in ?? ()
#41 0x00000000053c39c0 in ?? ()
#42 0x00000000053c38a0 in ?? ()
#43 0x00000000053c39c0 in ?? ()
#44 0x00000006059cf628 in ?? ()
#45 0x0000000005d7ff00 in ?? ()
#46 0x0000000005d7ff20 in ?? ()
#47 0x0000000005d7ff20 in ?? ()
#48 0x0000000000000001 in ?? ()
#49 0x0000000005d7fe10 in ?? ()
#50 0x0000000005d7fe1c in ?? ()
#51 0x0000000005d7fe20 in ?? ()
#52 0x000000000010950e in ?? ()
#53 0x0000000000000000 in ?? ()
