==4688== Memcheck, a memory error detector
==4688== Copyright (C) 2002-2017, and GNU GPL'd, by Julian Seward et al.
==4688== Using Valgrind-3.13.0 and LibVEX; rerun with -h for copyright info
==4688== Command: /rhome/b/bkarovic1/workspace/TP/T6/Z3/.runme
==4688== Parent PID: 4671
==4688== 
==4688== 
==4688== Process terminating with default action of signal 6 (SIGABRT): dumping core
==4688==    at 0x561DE97: raise (raise.c:51)
==4688==    by 0x561F800: abort (abort.c:79)
==4688==    by 0x50CA8B6: ??? (in /usr/lib/x86_64-linux-gnu/libstdc++.so.6.0.25)
==4688==    by 0x50D0A05: ??? (in /usr/lib/x86_64-linux-gnu/libstdc++.so.6.0.25)
==4688==    by 0x50D0A40: std::terminate() (in /usr/lib/x86_64-linux-gnu/libstdc++.so.6.0.25)
==4688==    by 0x50D0C73: __cxa_throw (in /usr/lib/x86_64-linux-gnu/libstdc++.so.6.0.25)
==4688==    by 0x109676: main (main.cpp:95)
==4688== 
==4688== HEAP SUMMARY:
==4688==     in use at exit: 400 bytes in 4 blocks
==4688==   total heap usage: 7 allocs, 3 frees, 74,160 bytes allocated
==4688== 
==4688== 144 bytes in 1 blocks are possibly lost in loss record 3 of 4
==4688==    at 0x4C2FB0F: malloc (in /usr/lib/valgrind/vgpreload_memcheck-amd64-linux.so)
==4688==    by 0x50CF83F: __cxa_allocate_exception (in /usr/lib/x86_64-linux-gnu/libstdc++.so.6.0.25)
==4688==    by 0x10920E: KreirajTrougao(int) (main.cpp:35)
==4688==    by 0x1094E6: main (main.cpp:82)
==4688== 
==4688== 144 bytes in 1 blocks are possibly lost in loss record 4 of 4
==4688==    at 0x4C2FB0F: malloc (in /usr/lib/valgrind/vgpreload_memcheck-amd64-linux.so)
==4688==    by 0x50CF83F: __cxa_allocate_exception (in /usr/lib/x86_64-linux-gnu/libstdc++.so.6.0.25)
==4688==    by 0x10964B: main (main.cpp:95)
==4688== 
==4688== LEAK SUMMARY:
==4688==    definitely lost: 0 bytes in 0 blocks
==4688==    indirectly lost: 0 bytes in 0 blocks
==4688==      possibly lost: 288 bytes in 2 blocks
==4688==    still reachable: 112 bytes in 2 blocks
==4688==                       of which reachable via heuristic:
==4688==                         stdstring          : 112 bytes in 2 blocks
==4688==         suppressed: 0 bytes in 0 blocks
==4688== Reachable blocks (those to which a pointer was found) are not shown.
==4688== To see them, rerun with: --leak-check=full --show-leak-kinds=all
==4688== 
==4688== For counts of detected and suppressed errors, rerun with: -v
==4688== ERROR SUMMARY: 2 errors from 2 contexts (suppressed: 0 from 0)
