==4742== Memcheck, a memory error detector
==4742== Copyright (C) 2002-2017, and GNU GPL'd, by Julian Seward et al.
==4742== Using Valgrind-3.13.0 and LibVEX; rerun with -h for copyright info
==4742== Command: /rhome/b/bkarovic1/workspace/TP/Z2/Z3/.runme
==4742== Parent PID: 4706
==4742== 
==4742== 
==4742== Process terminating with default action of signal 1 (SIGHUP)
==4742==    at 0x56EF152: write (write.c:27)
==4742==    by 0x566A1BC: _IO_file_write@@GLIBC_2.2.5 (fileops.c:1203)
==4742==    by 0x566BF50: new_do_write (fileops.c:457)
==4742==    by 0x566BF50: _IO_do_write@@GLIBC_2.2.5 (fileops.c:433)
==4742==    by 0x566C402: _IO_file_overflow@@GLIBC_2.2.5 (fileops.c:798)
==4742==    by 0x5151999: std::ostream::put(char) (in /usr/lib/x86_64-linux-gnu/libstdc++.so.6.0.25)
==4742==    by 0x5151B9E: std::basic_ostream<char, std::char_traits<char> >& std::endl<char, std::char_traits<char> >(std::basic_ostream<char, std::char_traits<char> >&) (in /usr/lib/x86_64-linux-gnu/libstdc++.so.6.0.25)
==4742==    by 0x108E6B: main (main.cpp:70)
==4742== 
==4742== HEAP SUMMARY:
==4742==     in use at exit: 0 bytes in 0 blocks
==4742==   total heap usage: 2 allocs, 2 frees, 73,728 bytes allocated
==4742== 
==4742== All heap blocks were freed -- no leaks are possible
==4742== 
==4742== For counts of detected and suppressed errors, rerun with: -v
==4742== ERROR SUMMARY: 0 errors from 0 contexts (suppressed: 0 from 0)
