==4875== Memcheck, a memory error detector
==4875== Copyright (C) 2002-2017, and GNU GPL'd, by Julian Seward et al.
==4875== Using Valgrind-3.13.0 and LibVEX; rerun with -h for copyright info
==4875== Command: /rhome/b/bkarovic1/workspace/TP/Z4/Z4/.runme
==4875== Parent PID: 4788
==4875== 
==4875== 
==4875== Process terminating with default action of signal 1 (SIGHUP)
==4875==    at 0x56EF152: write (write.c:27)
==4875==    by 0x566A1BC: _IO_file_write@@GLIBC_2.2.5 (fileops.c:1203)
==4875==    by 0x566AB2E: new_do_write (fileops.c:457)
==4875==    by 0x566AB2E: _IO_file_xsputn@@GLIBC_2.2.5 (fileops.c:1277)
==4875==    by 0x565E976: fwrite (iofwrite.c:39)
==4875==    by 0x5151E93: std::basic_ostream<char, std::char_traits<char> >& std::__ostream_insert<char, std::char_traits<char> >(std::basic_ostream<char, std::char_traits<char> >&, char const*, long) (in /usr/lib/x86_64-linux-gnu/libstdc++.so.6.0.25)
==4875==    by 0x5152206: std::basic_ostream<char, std::char_traits<char> >& std::operator<< <std::char_traits<char> >(std::basic_ostream<char, std::char_traits<char> >&, char const*) (in /usr/lib/x86_64-linux-gnu/libstdc++.so.6.0.25)
==4875==    by 0x10B2D6: main (main.cpp:381)
==4875== 
==4875== HEAP SUMMARY:
==4875==     in use at exit: 0 bytes in 0 blocks
==4875==   total heap usage: 2 allocs, 2 frees, 73,728 bytes allocated
==4875== 
==4875== All heap blocks were freed -- no leaks are possible
==4875== 
==4875== For counts of detected and suppressed errors, rerun with: -v
==4875== ERROR SUMMARY: 0 errors from 0 contexts (suppressed: 0 from 0)
