==18075== Memcheck, a memory error detector
==18075== Copyright (C) 2002-2017, and GNU GPL'd, by Julian Seward et al.
==18075== Using Valgrind-3.13.0 and LibVEX; rerun with -h for copyright info
==18075== Command: /rhome/b/bkarovic1/workspace/TP/T3/Z1/.runme
==18075== Parent PID: 18055
==18075== 
==18075== Conditional jump or move depends on uninitialised value(s)
==18075==    at 0x108E9A: IzdvojiElemente(std::vector<int, std::allocator<int> >, bool) (main.cpp:11)
==18075==    by 0x109143: main (main.cpp:62)
==18075== 
==18075== Conditional jump or move depends on uninitialised value(s)
==18075==    at 0x108EE7: IzdvojiElemente(std::vector<int, std::allocator<int> >, bool) (main.cpp:15)
==18075==    by 0x109143: main (main.cpp:62)
==18075== 
==18075== Conditional jump or move depends on uninitialised value(s)
==18075==    at 0x108F72: IzdvojiElemente(std::vector<int, std::allocator<int> >, bool) (main.cpp:24)
==18075==    by 0x10917D: main (main.cpp:63)
==18075== 
==18075== Conditional jump or move depends on uninitialised value(s)
==18075==    at 0x108FBF: IzdvojiElemente(std::vector<int, std::allocator<int> >, bool) (main.cpp:28)
==18075==    by 0x10917D: main (main.cpp:63)
==18075== 
==18075== 
==18075== Process terminating with default action of signal 1 (SIGHUP)
==18075==    at 0x56EF152: write (write.c:27)
==18075==    by 0x566A1BC: _IO_file_write@@GLIBC_2.2.5 (fileops.c:1203)
==18075==    by 0x566BF50: new_do_write (fileops.c:457)
==18075==    by 0x566BF50: _IO_do_write@@GLIBC_2.2.5 (fileops.c:433)
==18075==    by 0x566C402: _IO_file_overflow@@GLIBC_2.2.5 (fileops.c:798)
==18075==    by 0x5151999: std::ostream::put(char) (in /usr/lib/x86_64-linux-gnu/libstdc++.so.6.0.25)
==18075==    by 0x5151B9E: std::basic_ostream<char, std::char_traits<char> >& std::endl<char, std::char_traits<char> >(std::basic_ostream<char, std::char_traits<char> >&) (in /usr/lib/x86_64-linux-gnu/libstdc++.so.6.0.25)
==18075==    by 0x109238: main (main.cpp:67)
==18075== 
==18075== HEAP SUMMARY:
==18075==     in use at exit: 64 bytes in 2 blocks
==18075==   total heap usage: 12 allocs, 10 frees, 73,888 bytes allocated
==18075== 
==18075== LEAK SUMMARY:
==18075==    definitely lost: 0 bytes in 0 blocks
==18075==    indirectly lost: 0 bytes in 0 blocks
==18075==      possibly lost: 0 bytes in 0 blocks
==18075==    still reachable: 64 bytes in 2 blocks
==18075==         suppressed: 0 bytes in 0 blocks
==18075== Reachable blocks (those to which a pointer was found) are not shown.
==18075== To see them, rerun with: --leak-check=full --show-leak-kinds=all
==18075== 
==18075== For counts of detected and suppressed errors, rerun with: -v
==18075== Use --track-origins=yes to see where uninitialised values come from
==18075== ERROR SUMMARY: 100 errors from 4 contexts (suppressed: 0 from 0)
