==14319== Memcheck, a memory error detector
==14319== Copyright (C) 2002-2017, and GNU GPL'd, by Julian Seward et al.
==14319== Using Valgrind-3.13.0 and LibVEX; rerun with -h for copyright info
==14319== Command: /rhome/b/bkarovic1/workspace/TP/ZSR6/Z2/.runme
==14319== Parent PID: 14292
==14319== 
==14319== 
==14319== Process terminating with default action of signal 1 (SIGHUP)
==14319==    at 0x56EF154: write (write.c:27)
==14319==    by 0x566A1BC: _IO_file_write@@GLIBC_2.2.5 (fileops.c:1203)
==14319==    by 0x566AB2E: new_do_write (fileops.c:457)
==14319==    by 0x566AB2E: _IO_file_xsputn@@GLIBC_2.2.5 (fileops.c:1277)
==14319==    by 0x565E976: fwrite (iofwrite.c:39)
==14319==    by 0x51468E1: std::ostreambuf_iterator<char, std::char_traits<char> > std::num_put<char, std::ostreambuf_iterator<char, std::char_traits<char> > >::_M_insert_int<long long>(std::ostreambuf_iterator<char, std::char_traits<char> >, std::ios_base&, char, long long) const (in /usr/lib/x86_64-linux-gnu/libstdc++.so.6.0.25)
==14319==    by 0x51529A4: std::ostream& std::ostream::_M_insert<long long>(long long) (in /usr/lib/x86_64-linux-gnu/libstdc++.so.6.0.25)
==14319==    by 0x109531: GradjaninBiH::Ispisi() (main.cpp:29)
==14319==    by 0x1092E5: main (main.cpp:62)
==14319== 
==14319== HEAP SUMMARY:
==14319==     in use at exit: 0 bytes in 0 blocks
==14319==   total heap usage: 2 allocs, 2 frees, 73,728 bytes allocated
==14319== 
==14319== All heap blocks were freed -- no leaks are possible
==14319== 
==14319== For counts of detected and suppressed errors, rerun with: -v
==14319== ERROR SUMMARY: 0 errors from 0 contexts (suppressed: 0 from 0)
