==3070== Memcheck, a memory error detector
==3070== Copyright (C) 2002-2017, and GNU GPL'd, by Julian Seward et al.
==3070== Using Valgrind-3.13.0 and LibVEX; rerun with -h for copyright info
==3070== Command: /rhome/b/bkarovic1/workspace/TP/ZSR1/Z1/.runme
==3070== Parent PID: 3051
==3070== 
==3070== 
==3070== HEAP SUMMARY:
==3070==     in use at exit: 800 bytes in 1 blocks
==3070==   total heap usage: 7 allocs, 6 frees, 74,894 bytes allocated
==3070== 
==3070== 800 bytes in 1 blocks are definitely lost in loss record 1 of 1
==3070==    at 0x4C3089F: operator new[](unsigned long) (in /usr/lib/valgrind/vgpreload_memcheck-amd64-linux.so)
==3070==    by 0x1097D5: unsigned long long* GenerirajStepeneDvojke<unsigned long long>(int) (main.cpp:17)
==3070==    by 0x109441: main (main.cpp:51)
==3070== 
==3070== LEAK SUMMARY:
==3070==    definitely lost: 800 bytes in 1 blocks
==3070==    indirectly lost: 0 bytes in 0 blocks
==3070==      possibly lost: 0 bytes in 0 blocks
==3070==    still reachable: 0 bytes in 0 blocks
==3070==         suppressed: 0 bytes in 0 blocks
==3070== 
==3070== For counts of detected and suppressed errors, rerun with: -v
==3070== ERROR SUMMARY: 1 errors from 1 contexts (suppressed: 0 from 0)
