==21032== Memcheck, a memory error detector
==21032== Copyright (C) 2002-2017, and GNU GPL'd, by Julian Seward et al.
==21032== Using Valgrind-3.13.0 and LibVEX; rerun with -h for copyright info
==21032== Command: /rhome/b/bkarovic1/workspace/TP/Z1/Z2/.runme
==21032== Parent PID: 21010
==21032== 
==21032== 
==21032== Process terminating with default action of signal 1 (SIGHUP)
==21032==    at 0x56EF081: read (read.c:27)
==21032==    by 0x566C147: _IO_file_underflow@@GLIBC_2.2.5 (fileops.c:531)
==21032==    by 0x566D3F1: _IO_default_uflow (genops.c:380)
==21032==    by 0x512B95C: __gnu_cxx::stdio_sync_filebuf<char, std::char_traits<char> >::underflow() (in /usr/lib/x86_64-linux-gnu/libstdc++.so.6.0.25)
==21032==    by 0x5139739: std::istream::sentry::sentry(std::istream&, bool) (in /usr/lib/x86_64-linux-gnu/libstdc++.so.6.0.25)
==21032==    by 0x513996D: std::istream::operator>>(int&) (in /usr/lib/x86_64-linux-gnu/libstdc++.so.6.0.25)
==21032==    by 0x10AF2D: main (main.cpp:392)
==21032== 
==21032== HEAP SUMMARY:
==21032==     in use at exit: 0 bytes in 0 blocks
==21032==   total heap usage: 2 allocs, 2 frees, 73,728 bytes allocated
==21032== 
==21032== All heap blocks were freed -- no leaks are possible
==21032== 
==21032== For counts of detected and suppressed errors, rerun with: -v
==21032== ERROR SUMMARY: 0 errors from 0 contexts (suppressed: 0 from 0)
